[2025-01-22T19:26:19.625+0000] {local_task_job_runner.py:123} INFO - ::group::Pre task execution logs
[2025-01-22T19:26:19.638+0000] {taskinstance.py:2613} INFO - Dependencies all met for dep_context=non-requeueable deps ti=<TaskInstance: nyc_taxi_pipeline.extract_data manual__2025-01-22T19:26:15.544372+00:00 [queued]>
[2025-01-22T19:26:19.643+0000] {taskinstance.py:2613} INFO - Dependencies all met for dep_context=requeueable deps ti=<TaskInstance: nyc_taxi_pipeline.extract_data manual__2025-01-22T19:26:15.544372+00:00 [queued]>
[2025-01-22T19:26:19.643+0000] {taskinstance.py:2866} INFO - Starting attempt 1 of 3
[2025-01-22T19:26:19.652+0000] {taskinstance.py:2889} INFO - Executing <Task(BashOperator): extract_data> on 2025-01-22 19:26:15.544372+00:00
[2025-01-22T19:26:19.658+0000] {warnings.py:112} WARNING - /home/***/.local/lib/python3.12/site-packages/***/task/task_runner/standard_task_runner.py:70: DeprecationWarning: This process (pid=91) is multi-threaded, use of fork() may lead to deadlocks in the child.
  pid = os.fork()

[2025-01-22T19:26:19.659+0000] {standard_task_runner.py:72} INFO - Started process 93 to run task
[2025-01-22T19:26:19.659+0000] {standard_task_runner.py:104} INFO - Running: ['***', 'tasks', 'run', 'nyc_taxi_pipeline', 'extract_data', 'manual__2025-01-22T19:26:15.544372+00:00', '--job-id', '30', '--raw', '--subdir', 'DAGS_FOLDER/nyc_taxi_pipeline_dag.py', '--cfg-path', '/tmp/tmpzz84a6_e']
[2025-01-22T19:26:19.660+0000] {standard_task_runner.py:105} INFO - Job 30: Subtask extract_data
[2025-01-22T19:26:19.697+0000] {task_command.py:467} INFO - Running <TaskInstance: nyc_taxi_pipeline.extract_data manual__2025-01-22T19:26:15.544372+00:00 [running]> on host cf103dc4959c
[2025-01-22T19:26:19.925+0000] {taskinstance.py:3132} INFO - Exporting env vars: AIRFLOW_CTX_DAG_OWNER='***' AIRFLOW_CTX_DAG_ID='nyc_taxi_pipeline' AIRFLOW_CTX_TASK_ID='extract_data' AIRFLOW_CTX_EXECUTION_DATE='2025-01-22T19:26:15.544372+00:00' AIRFLOW_CTX_TRY_NUMBER='1' AIRFLOW_CTX_DAG_RUN_ID='manual__2025-01-22T19:26:15.544372+00:00'
[2025-01-22T19:26:19.926+0000] {logging_mixin.py:190} INFO - Task instance is in running state
[2025-01-22T19:26:19.927+0000] {logging_mixin.py:190} INFO -  Previous state of the Task instance: queued
[2025-01-22T19:26:19.927+0000] {logging_mixin.py:190} INFO - Current task name:extract_data state:running start_date:2025-01-22 19:26:19.638472+00:00
[2025-01-22T19:26:19.927+0000] {logging_mixin.py:190} INFO - Dag name:nyc_taxi_pipeline and current dag run status:running
[2025-01-22T19:26:19.928+0000] {taskinstance.py:731} INFO - ::endgroup::
[2025-01-22T19:26:19.928+0000] {subprocess.py:78} INFO - Tmp dir root location: /tmp
[2025-01-22T19:26:19.929+0000] {subprocess.py:88} INFO - Running command: ['/usr/bin/bash', '-c', 'python /opt/***/extract-pipeline/grab_taxi_data.py']
[2025-01-22T19:26:19.941+0000] {subprocess.py:99} INFO - Output:
[2025-01-22T19:26:35.836+0000] {subprocess.py:106} INFO - /tmp/***tmp57ozjf_t
[2025-01-22T19:26:35.837+0000] {subprocess.py:106} INFO - ✅ Downloaded yellow_tripdata_2024-11.parquet successfully.
[2025-01-22T19:26:35.852+0000] {subprocess.py:110} INFO - Command exited with return code 0
[2025-01-22T19:26:35.871+0000] {taskinstance.py:340} INFO - ::group::Post task execution logs
[2025-01-22T19:26:35.871+0000] {taskinstance.py:352} INFO - Marking task as SUCCESS. dag_id=nyc_taxi_pipeline, task_id=extract_data, run_id=manual__2025-01-22T19:26:15.544372+00:00, execution_date=20250122T192615, start_date=20250122T192619, end_date=20250122T192635
[2025-01-22T19:26:35.878+0000] {logging_mixin.py:190} INFO - Task instance in success state
[2025-01-22T19:26:35.879+0000] {logging_mixin.py:190} INFO -  Previous state of the Task instance: running
[2025-01-22T19:26:35.879+0000] {logging_mixin.py:190} INFO - Dag name:nyc_taxi_pipeline queued_at:2025-01-22 19:26:15.564779+00:00
[2025-01-22T19:26:35.879+0000] {logging_mixin.py:190} INFO - Task hostname:cf103dc4959c operator:BashOperator
[2025-01-22T19:26:35.918+0000] {local_task_job_runner.py:266} INFO - Task exited with return code 0
[2025-01-22T19:26:36.070+0000] {taskinstance.py:3895} INFO - 1 downstream tasks scheduled from follow-on schedule check
[2025-01-22T19:26:36.071+0000] {local_task_job_runner.py:245} INFO - ::endgroup::
