[2025-01-22T19:45:00.911+0000] {local_task_job_runner.py:123} INFO - ::group::Pre task execution logs
[2025-01-22T19:45:00.923+0000] {taskinstance.py:2613} INFO - Dependencies all met for dep_context=non-requeueable deps ti=<TaskInstance: nyc_taxi_pipeline.extract_data manual__2025-01-22T19:44:59.264346+00:00 [queued]>
[2025-01-22T19:45:00.929+0000] {taskinstance.py:2613} INFO - Dependencies all met for dep_context=requeueable deps ti=<TaskInstance: nyc_taxi_pipeline.extract_data manual__2025-01-22T19:44:59.264346+00:00 [queued]>
[2025-01-22T19:45:00.930+0000] {taskinstance.py:2866} INFO - Starting attempt 1 of 3
[2025-01-22T19:45:00.939+0000] {taskinstance.py:2889} INFO - Executing <Task(BashOperator): extract_data> on 2025-01-22 19:44:59.264346+00:00
[2025-01-22T19:45:00.945+0000] {warnings.py:112} WARNING - /home/***/.local/lib/python3.12/site-packages/***/task/task_runner/standard_task_runner.py:70: DeprecationWarning: This process (pid=529) is multi-threaded, use of fork() may lead to deadlocks in the child.
  pid = os.fork()

[2025-01-22T19:45:00.947+0000] {standard_task_runner.py:72} INFO - Started process 531 to run task
[2025-01-22T19:45:00.947+0000] {standard_task_runner.py:104} INFO - Running: ['***', 'tasks', 'run', 'nyc_taxi_pipeline', 'extract_data', 'manual__2025-01-22T19:44:59.264346+00:00', '--job-id', '44', '--raw', '--subdir', 'DAGS_FOLDER/nyc_taxi_pipeline_dag.py', '--cfg-path', '/tmp/tmp9e25fdz4']
[2025-01-22T19:45:00.947+0000] {standard_task_runner.py:105} INFO - Job 44: Subtask extract_data
[2025-01-22T19:45:01.133+0000] {task_command.py:467} INFO - Running <TaskInstance: nyc_taxi_pipeline.extract_data manual__2025-01-22T19:44:59.264346+00:00 [running]> on host 313418e9474c
[2025-01-22T19:45:01.186+0000] {taskinstance.py:3132} INFO - Exporting env vars: AIRFLOW_CTX_DAG_OWNER='***' AIRFLOW_CTX_DAG_ID='nyc_taxi_pipeline' AIRFLOW_CTX_TASK_ID='extract_data' AIRFLOW_CTX_EXECUTION_DATE='2025-01-22T19:44:59.264346+00:00' AIRFLOW_CTX_TRY_NUMBER='1' AIRFLOW_CTX_DAG_RUN_ID='manual__2025-01-22T19:44:59.264346+00:00'
[2025-01-22T19:45:01.187+0000] {logging_mixin.py:190} INFO - Task instance is in running state
[2025-01-22T19:45:01.187+0000] {logging_mixin.py:190} INFO -  Previous state of the Task instance: queued
[2025-01-22T19:45:01.188+0000] {logging_mixin.py:190} INFO - Current task name:extract_data state:running start_date:2025-01-22 19:45:00.923931+00:00
[2025-01-22T19:45:01.188+0000] {logging_mixin.py:190} INFO - Dag name:nyc_taxi_pipeline and current dag run status:running
[2025-01-22T19:45:01.188+0000] {taskinstance.py:731} INFO - ::endgroup::
[2025-01-22T19:45:01.189+0000] {subprocess.py:78} INFO - Tmp dir root location: /tmp
[2025-01-22T19:45:01.189+0000] {subprocess.py:88} INFO - Running command: ['/usr/bin/bash', '-c', 'python /opt/***/extract-pipeline/grab_taxi_data.py']
[2025-01-22T19:45:01.201+0000] {subprocess.py:99} INFO - Output:
[2025-01-22T19:45:07.039+0000] {subprocess.py:106} INFO - /tmp/***tmpnhqs14bo
[2025-01-22T19:45:07.040+0000] {subprocess.py:106} INFO - ✅ Downloaded yellow_tripdata_2024-11.parquet successfully.
[2025-01-22T19:45:07.062+0000] {subprocess.py:110} INFO - Command exited with return code 0
[2025-01-22T19:45:07.083+0000] {taskinstance.py:340} INFO - ::group::Post task execution logs
[2025-01-22T19:45:07.083+0000] {taskinstance.py:352} INFO - Marking task as SUCCESS. dag_id=nyc_taxi_pipeline, task_id=extract_data, run_id=manual__2025-01-22T19:44:59.264346+00:00, execution_date=20250122T194459, start_date=20250122T194500, end_date=20250122T194507
[2025-01-22T19:45:07.115+0000] {logging_mixin.py:190} INFO - Task instance in success state
[2025-01-22T19:45:07.116+0000] {logging_mixin.py:190} INFO -  Previous state of the Task instance: running
[2025-01-22T19:45:07.116+0000] {logging_mixin.py:190} INFO - Dag name:nyc_taxi_pipeline queued_at:2025-01-22 19:44:59.274778+00:00
[2025-01-22T19:45:07.116+0000] {logging_mixin.py:190} INFO - Task hostname:313418e9474c operator:BashOperator
[2025-01-22T19:45:07.171+0000] {local_task_job_runner.py:266} INFO - Task exited with return code 0
[2025-01-22T19:45:07.321+0000] {taskinstance.py:3895} INFO - 1 downstream tasks scheduled from follow-on schedule check
[2025-01-22T19:45:07.322+0000] {local_task_job_runner.py:245} INFO - ::endgroup::
